        -:    0:Source:C:/bite/data-structure-learning-notes/Sort/main.c
        -:    0:Graph:C:\bite\data-structure-learning-notes\Sort\cmake-build-debug-\CMakeFiles\Sort.dir\main.c.gcno
        -:    0:Data:C:\bite\data-structure-learning-notes\Sort\cmake-build-debug-\CMakeFiles\Sort.dir\main.c.gcda
        -:    0:Runs:1
        -:    1:#include "pre.h"
        -:    2:
function main called 1 returned 100% blocks executed 100%
        1:    3:int main()
        -:    4:{
        1:    5:    int a[]={100,928,32,133,133,53,24,28,183};
        1:    6:    int size=sizeof (a)/sizeof(int );
        -:    7:
       10:    8:    for (int i = 0; i < size; ++i)
        1:    8-block  0
       10:    8-block  1
branch  0 taken 9
branch  1 taken 1 (fallthrough)
        -:    9:    {
        9:   10:        printf("%d ",a[i]);
        9:   10-block  0
call    0 returned 9
        -:   11:    }
        1:   12:    printf("\n");
        1:   12-block  0
call    0 returned 1
        -:   13:
        1:   14:    ShellSort(a,size);
call    0 returned 1
       10:   15:    for (int i = 0; i < size; ++i)
       10:   15-block  0
branch  0 taken 9
branch  1 taken 1 (fallthrough)
        -:   16:    {
        9:   17:        printf("%d ",a[i]);
        9:   17-block  0
call    0 returned 9
        -:   18:    }
        1:   19:    printf("\n");
        1:   19-block  0
call    0 returned 1
        -:   20:
        1:   21:    return 0;
        -:   22:}
